<?xml version="1.0" encoding="UTF-8"?>
<testng-results ignored="0" total="2" passed="2" failed="0" skipped="0">
  <reporter-output>
  </reporter-output>
  <suite started-at="2021-10-03T17:36:49 IST" name="Default suite" finished-at="2021-10-03T17:37:04 IST" duration-ms="14553">
    <groups>
    </groups>
    <test started-at="2021-10-03T17:36:49 IST" name="Default test" finished-at="2021-10-03T17:37:04 IST" duration-ms="14553">
      <class name="pom.Pagerunner">
        <test-method is-config="true" signature="precondition()[pri:0, instance:pom.Pagerunner@4efac082]" started-at="2021-10-03T17:36:49 IST" name="precondition" finished-at="2021-10-03T17:36:52 IST" duration-ms="2451" status="PASS">
          <reporter-output>
          </reporter-output>
        </test-method> <!-- precondition -->
        <test-method signature="openurl()[pri:1, instance:pom.Pagerunner@4efac082]" started-at="2021-10-03T17:36:52 IST" name="openurl" finished-at="2021-10-03T17:36:57 IST" duration-ms="5625" status="PASS">
          <reporter-output>
          </reporter-output>
        </test-method> <!-- openurl -->
        <test-method signature="enterlogindetails()[pri:2, instance:pom.Pagerunner@4efac082]" started-at="2021-10-03T17:36:57 IST" name="enterlogindetails" finished-at="2021-10-03T17:37:04 IST" depends-on-methods="pom.Pagerunner.openurl" duration-ms="6345" status="PASS">
          <reporter-output>
          </reporter-output>
        </test-method> <!-- enterlogindetails -->
      </class> <!-- pom.Pagerunner -->
    </test> <!-- Default test -->
  </suite> <!-- Default suite -->
</testng-results>
